<?xml version="1.0" encoding="UTF-8"?>
<testsuite name="com.example.demo.FocusMediaApplicationTests" tests="1" skipped="0" failures="0" errors="0" timestamp="2022-11-03T16:21:13" hostname="DESKTOP-VDO5BBC" time="0.108">
  <properties/>
  <testcase name="contextLoads()" classname="com.example.demo.FocusMediaApplicationTests" time="0.108"/>
  <system-out><![CDATA[01:21:09.353 [Test worker] DEBUG org.springframework.test.context.BootstrapUtils - Instantiating CacheAwareContextLoaderDelegate from class [org.springframework.test.context.cache.DefaultCacheAwareContextLoaderDelegate]
01:21:09.361 [Test worker] DEBUG org.springframework.test.context.BootstrapUtils - Instantiating BootstrapContext using constructor [public org.springframework.test.context.support.DefaultBootstrapContext(java.lang.Class,org.springframework.test.context.CacheAwareContextLoaderDelegate)]
01:21:09.390 [Test worker] DEBUG org.springframework.test.context.BootstrapUtils - Instantiating TestContextBootstrapper for test class [com.example.demo.FocusMediaApplicationTests] from class [org.springframework.boot.test.context.SpringBootTestContextBootstrapper]
01:21:09.399 [Test worker] INFO org.springframework.boot.test.context.SpringBootTestContextBootstrapper - Neither @ContextConfiguration nor @ContextHierarchy found for test class [com.example.demo.FocusMediaApplicationTests], using SpringBootContextLoader
01:21:09.402 [Test worker] DEBUG org.springframework.test.context.support.AbstractContextLoader - Did not detect default resource location for test class [com.example.demo.FocusMediaApplicationTests]: class path resource [com/example/demo/FocusMediaApplicationTests-context.xml] does not exist
01:21:09.403 [Test worker] DEBUG org.springframework.test.context.support.AbstractContextLoader - Did not detect default resource location for test class [com.example.demo.FocusMediaApplicationTests]: class path resource [com/example/demo/FocusMediaApplicationTestsContext.groovy] does not exist
01:21:09.403 [Test worker] INFO org.springframework.test.context.support.AbstractContextLoader - Could not detect default resource locations for test class [com.example.demo.FocusMediaApplicationTests]: no resource found for suffixes {-context.xml, Context.groovy}.
01:21:09.404 [Test worker] INFO org.springframework.test.context.support.AnnotationConfigContextLoaderUtils - Could not detect default configuration classes for test class [com.example.demo.FocusMediaApplicationTests]: FocusMediaApplicationTests does not declare any static, non-private, non-final, nested classes annotated with @Configuration.
01:21:09.442 [Test worker] DEBUG org.springframework.test.context.support.ActiveProfilesUtils - Could not find an 'annotation declaring class' for annotation type [org.springframework.test.context.ActiveProfiles] and class [com.example.demo.FocusMediaApplicationTests]
01:21:09.493 [Test worker] DEBUG org.springframework.context.annotation.ClassPathScanningCandidateComponentProvider - Identified candidate component class: file [C:\Users\seosm\OneDrive\Desktop\Java\Focus_Media\build\classes\java\main\com\example\demo\FocusMediaApplication.class]
01:21:09.494 [Test worker] INFO org.springframework.boot.test.context.SpringBootTestContextBootstrapper - Found @SpringBootConfiguration com.example.demo.FocusMediaApplication for test class com.example.demo.FocusMediaApplicationTests
01:21:09.581 [Test worker] DEBUG org.springframework.boot.test.context.SpringBootTestContextBootstrapper - @TestExecutionListeners is not present for class [com.example.demo.FocusMediaApplicationTests]: using defaults.
01:21:09.581 [Test worker] INFO org.springframework.boot.test.context.SpringBootTestContextBootstrapper - Loaded default TestExecutionListener class names from location [META-INF/spring.factories]: [org.springframework.boot.test.autoconfigure.restdocs.RestDocsTestExecutionListener, org.springframework.boot.test.autoconfigure.web.client.MockRestServiceServerResetTestExecutionListener, org.springframework.boot.test.autoconfigure.web.servlet.MockMvcPrintOnlyOnFailureTestExecutionListener, org.springframework.boot.test.autoconfigure.web.servlet.WebDriverTestExecutionListener, org.springframework.boot.test.autoconfigure.webservices.client.MockWebServiceServerTestExecutionListener, org.springframework.boot.test.mock.mockito.MockitoTestExecutionListener, org.springframework.boot.test.mock.mockito.ResetMocksTestExecutionListener, org.springframework.test.context.web.ServletTestExecutionListener, org.springframework.test.context.support.DirtiesContextBeforeModesTestExecutionListener, org.springframework.test.context.event.ApplicationEventsTestExecutionListener, org.springframework.test.context.support.DependencyInjectionTestExecutionListener, org.springframework.test.context.support.DirtiesContextTestExecutionListener, org.springframework.test.context.transaction.TransactionalTestExecutionListener, org.springframework.test.context.jdbc.SqlScriptsTestExecutionListener, org.springframework.test.context.event.EventPublishingTestExecutionListener]
01:21:09.593 [Test worker] INFO org.springframework.boot.test.context.SpringBootTestContextBootstrapper - Using TestExecutionListeners: [org.springframework.test.context.web.ServletTestExecutionListener@46cf05f7, org.springframework.test.context.support.DirtiesContextBeforeModesTestExecutionListener@5851bd4f, org.springframework.test.context.event.ApplicationEventsTestExecutionListener@7cd1ac19, org.springframework.boot.test.mock.mockito.MockitoTestExecutionListener@2f40a43, org.springframework.boot.test.autoconfigure.SpringBootDependencyInjectionTestExecutionListener@3caa4757, org.springframework.test.context.support.DirtiesContextTestExecutionListener@69c43e48, org.springframework.test.context.transaction.TransactionalTestExecutionListener@1804f60d, org.springframework.test.context.jdbc.SqlScriptsTestExecutionListener@3a80515c, org.springframework.test.context.event.EventPublishingTestExecutionListener@547e29a4, org.springframework.boot.test.autoconfigure.restdocs.RestDocsTestExecutionListener@1c807b1d, org.springframework.boot.test.autoconfigure.web.client.MockRestServiceServerResetTestExecutionListener@238b521e, org.springframework.boot.test.autoconfigure.web.servlet.MockMvcPrintOnlyOnFailureTestExecutionListener@1b39fd82, org.springframework.boot.test.autoconfigure.web.servlet.WebDriverTestExecutionListener@3e2fc448, org.springframework.boot.test.autoconfigure.webservices.client.MockWebServiceServerTestExecutionListener@21680803, org.springframework.boot.test.mock.mockito.ResetMocksTestExecutionListener@588ab592]
01:21:09.597 [Test worker] DEBUG org.springframework.test.context.support.AbstractDirtiesContextTestExecutionListener - Before test class: context [DefaultTestContext@6d1310f6 testClass = FocusMediaApplicationTests, testInstance = [null], testMethod = [null], testException = [null], mergedContextConfiguration = [WebMergedContextConfiguration@3228d990 testClass = FocusMediaApplicationTests, locations = '{}', classes = '{class com.example.demo.FocusMediaApplication}', contextInitializerClasses = '[]', activeProfiles = '{}', propertySourceLocations = '{}', propertySourceProperties = '{org.springframework.boot.test.context.SpringBootTestContextBootstrapper=true}', contextCustomizers = set[org.springframework.boot.test.autoconfigure.actuate.metrics.MetricsExportContextCustomizerFactory$DisableMetricExportContextCustomizer@72758afa, org.springframework.boot.test.autoconfigure.properties.PropertyMappingContextCustomizer@0, org.springframework.boot.test.autoconfigure.web.servlet.WebDriverContextCustomizerFactory$Customizer@207b8649, org.springframework.boot.test.context.filter.ExcludeFilterContextCustomizer@53d1b9b3, org.springframework.boot.test.json.DuplicateJsonObjectContextCustomizerFactory$DuplicateJsonObjectContextCustomizer@7e928e2f, org.springframework.boot.test.mock.mockito.MockitoContextCustomizer@0, org.springframework.boot.test.web.client.TestRestTemplateContextCustomizer@6821ea29, org.springframework.boot.test.context.SpringBootTestArgs@1, org.springframework.boot.test.context.SpringBootTestWebEnvironment@452e19ca], resourceBasePath = 'src/main/webapp', contextLoader = 'org.springframework.boot.test.context.SpringBootContextLoader', parent = [null]], attributes = map['org.springframework.test.context.web.ServletTestExecutionListener.activateListener' -> true]], class annotated with @DirtiesContext [false] with mode [null].

  .   ____          _            __ _ _
 /\\ / ___'_ __ _ _(_)_ __  __ _ \ \ \ \
( ( )\___ | '_ | '_| | '_ \/ _` | \ \ \ \
 \\/  ___)| |_)| | | | | || (_| |  ) ) ) )
  '  |____| .__|_| |_|_| |_\__, | / / / /
 =========|_|==============|___/=/_/_/_/
 :: Spring Boot ::                (v2.7.5)

2022-11-04 01:21:09.870  INFO 15956 --- [    Test worker] c.e.demo.FocusMediaApplicationTests      : Starting FocusMediaApplicationTests using Java 11.0.15 on DESKTOP-VDO5BBC with PID 15956 (started by seosm in C:\Users\seosm\OneDrive\Desktop\Java\Focus_Media)
2022-11-04 01:21:09.872  INFO 15956 --- [    Test worker] c.e.demo.FocusMediaApplicationTests      : No active profile set, falling back to 1 default profile: "default"
2022-11-04 01:21:10.462  INFO 15956 --- [    Test worker] .s.d.r.c.RepositoryConfigurationDelegate : Bootstrapping Spring Data JPA repositories in DEFAULT mode.
2022-11-04 01:21:10.503  INFO 15956 --- [    Test worker] .s.d.r.c.RepositoryConfigurationDelegate : Finished Spring Data repository scanning in 34 ms. Found 1 JPA repository interfaces.
2022-11-04 01:21:10.974  INFO 15956 --- [    Test worker] o.hibernate.jpa.internal.util.LogHelper  : HHH000204: Processing PersistenceUnitInfo [name: default]
2022-11-04 01:21:11.036  INFO 15956 --- [    Test worker] org.hibernate.Version                    : HHH000412: Hibernate ORM core version 5.6.12.Final
2022-11-04 01:21:11.243  INFO 15956 --- [    Test worker] o.hibernate.annotations.common.Version   : HCANN000001: Hibernate Commons Annotations {5.1.2.Final}
2022-11-04 01:21:11.392  INFO 15956 --- [    Test worker] com.zaxxer.hikari.HikariDataSource       : HikariPool-1 - Starting...
2022-11-04 01:21:11.764  INFO 15956 --- [    Test worker] com.zaxxer.hikari.HikariDataSource       : HikariPool-1 - Start completed.
2022-11-04 01:21:11.778  INFO 15956 --- [    Test worker] org.hibernate.dialect.Dialect            : HHH000400: Using dialect: org.hibernate.dialect.MySQL5Dialect
Hibernate: drop table if exists member
Hibernate: create table member (member_id bigint not null auto_increment, agreement tinyint not null, country_code varchar(255) not null, email varchar(255) not null, modified_phone varchar(255) not null, name varchar(255) not null, phone varchar(255) not null, primary key (member_id)) engine=MyISAM
Hibernate: alter table member add constraint UK_mbmcqelty0fbrvxp1q58dn57t unique (email)
2022-11-04 01:21:12.407  INFO 15956 --- [    Test worker] o.h.e.t.j.p.i.JtaPlatformInitiator       : HHH000490: Using JtaPlatform implementation: [org.hibernate.engine.transaction.jta.platform.internal.NoJtaPlatform]
2022-11-04 01:21:12.414  INFO 15956 --- [    Test worker] j.LocalContainerEntityManagerFactoryBean : Initialized JPA EntityManagerFactory for persistence unit 'default'
2022-11-04 01:21:13.017  WARN 15956 --- [    Test worker] JpaBaseConfiguration$JpaWebConfiguration : spring.jpa.open-in-view is enabled by default. Therefore, database queries may be performed during view rendering. Explicitly configure spring.jpa.open-in-view to disable this warning
2022-11-04 01:21:13.712  INFO 15956 --- [    Test worker] c.e.demo.FocusMediaApplicationTests      : Started FocusMediaApplicationTests in 4.087 seconds (JVM running for 6.042)
]]></system-out>
  <system-err><![CDATA[]]></system-err>
</testsuite>
