<?xml version="1.0" encoding="UTF-8"?>
<testsuite name="com.example.demo.FocusMediaApplicationTests" tests="1" skipped="0" failures="0" errors="0" timestamp="2022-11-04T16:52:03" hostname="DESKTOP-VDO5BBC" time="0.126">
  <properties/>
  <testcase name="contextLoads()" classname="com.example.demo.FocusMediaApplicationTests" time="0.126"/>
  <system-out><![CDATA[01:51:58.719 [Test worker] DEBUG org.springframework.test.context.BootstrapUtils - Instantiating CacheAwareContextLoaderDelegate from class [org.springframework.test.context.cache.DefaultCacheAwareContextLoaderDelegate]
01:51:58.729 [Test worker] DEBUG org.springframework.test.context.BootstrapUtils - Instantiating BootstrapContext using constructor [public org.springframework.test.context.support.DefaultBootstrapContext(java.lang.Class,org.springframework.test.context.CacheAwareContextLoaderDelegate)]
01:51:58.753 [Test worker] DEBUG org.springframework.test.context.BootstrapUtils - Instantiating TestContextBootstrapper for test class [com.example.demo.FocusMediaApplicationTests] from class [org.springframework.boot.test.context.SpringBootTestContextBootstrapper]
01:51:58.764 [Test worker] INFO org.springframework.boot.test.context.SpringBootTestContextBootstrapper - Neither @ContextConfiguration nor @ContextHierarchy found for test class [com.example.demo.FocusMediaApplicationTests], using SpringBootContextLoader
01:51:58.767 [Test worker] DEBUG org.springframework.test.context.support.AbstractContextLoader - Did not detect default resource location for test class [com.example.demo.FocusMediaApplicationTests]: class path resource [com/example/demo/FocusMediaApplicationTests-context.xml] does not exist
01:51:58.768 [Test worker] DEBUG org.springframework.test.context.support.AbstractContextLoader - Did not detect default resource location for test class [com.example.demo.FocusMediaApplicationTests]: class path resource [com/example/demo/FocusMediaApplicationTestsContext.groovy] does not exist
01:51:58.768 [Test worker] INFO org.springframework.test.context.support.AbstractContextLoader - Could not detect default resource locations for test class [com.example.demo.FocusMediaApplicationTests]: no resource found for suffixes {-context.xml, Context.groovy}.
01:51:58.768 [Test worker] INFO org.springframework.test.context.support.AnnotationConfigContextLoaderUtils - Could not detect default configuration classes for test class [com.example.demo.FocusMediaApplicationTests]: FocusMediaApplicationTests does not declare any static, non-private, non-final, nested classes annotated with @Configuration.
01:51:58.799 [Test worker] DEBUG org.springframework.test.context.support.ActiveProfilesUtils - Could not find an 'annotation declaring class' for annotation type [org.springframework.test.context.ActiveProfiles] and class [com.example.demo.FocusMediaApplicationTests]
01:51:58.846 [Test worker] DEBUG org.springframework.context.annotation.ClassPathScanningCandidateComponentProvider - Identified candidate component class: file [C:\Users\seosm\OneDrive\Desktop\Java\Focus_Media\build\classes\java\main\com\example\demo\FocusMediaApplication.class]
01:51:58.847 [Test worker] INFO org.springframework.boot.test.context.SpringBootTestContextBootstrapper - Found @SpringBootConfiguration com.example.demo.FocusMediaApplication for test class com.example.demo.FocusMediaApplicationTests
01:51:58.945 [Test worker] DEBUG org.springframework.boot.test.context.SpringBootTestContextBootstrapper - @TestExecutionListeners is not present for class [com.example.demo.FocusMediaApplicationTests]: using defaults.
01:51:58.945 [Test worker] INFO org.springframework.boot.test.context.SpringBootTestContextBootstrapper - Loaded default TestExecutionListener class names from location [META-INF/spring.factories]: [org.springframework.boot.test.autoconfigure.restdocs.RestDocsTestExecutionListener, org.springframework.boot.test.autoconfigure.web.client.MockRestServiceServerResetTestExecutionListener, org.springframework.boot.test.autoconfigure.web.servlet.MockMvcPrintOnlyOnFailureTestExecutionListener, org.springframework.boot.test.autoconfigure.web.servlet.WebDriverTestExecutionListener, org.springframework.boot.test.autoconfigure.webservices.client.MockWebServiceServerTestExecutionListener, org.springframework.boot.test.mock.mockito.MockitoTestExecutionListener, org.springframework.boot.test.mock.mockito.ResetMocksTestExecutionListener, org.springframework.test.context.web.ServletTestExecutionListener, org.springframework.test.context.support.DirtiesContextBeforeModesTestExecutionListener, org.springframework.test.context.support.DependencyInjectionTestExecutionListener, org.springframework.test.context.support.DirtiesContextTestExecutionListener, org.springframework.test.context.transaction.TransactionalTestExecutionListener, org.springframework.test.context.jdbc.SqlScriptsTestExecutionListener, org.springframework.test.context.event.EventPublishingTestExecutionListener]
01:51:58.957 [Test worker] INFO org.springframework.boot.test.context.SpringBootTestContextBootstrapper - Using TestExecutionListeners: [org.springframework.test.context.web.ServletTestExecutionListener@7cc9ce8, org.springframework.test.context.support.DirtiesContextBeforeModesTestExecutionListener@2e27d72f, org.springframework.boot.test.mock.mockito.MockitoTestExecutionListener@c0b41d6, org.springframework.boot.test.autoconfigure.SpringBootDependencyInjectionTestExecutionListener@4837595f, org.springframework.test.context.support.DirtiesContextTestExecutionListener@2bffa76d, org.springframework.test.context.transaction.TransactionalTestExecutionListener@3b718392, org.springframework.test.context.jdbc.SqlScriptsTestExecutionListener@6d2260db, org.springframework.test.context.event.EventPublishingTestExecutionListener@1f2d2181, org.springframework.boot.test.autoconfigure.restdocs.RestDocsTestExecutionListener@49bf29c6, org.springframework.boot.test.autoconfigure.web.client.MockRestServiceServerResetTestExecutionListener@7ee55e70, org.springframework.boot.test.autoconfigure.web.servlet.MockMvcPrintOnlyOnFailureTestExecutionListener@3fcdcf, org.springframework.boot.test.autoconfigure.web.servlet.WebDriverTestExecutionListener@7668d560, org.springframework.boot.test.autoconfigure.webservices.client.MockWebServiceServerTestExecutionListener@46292372, org.springframework.boot.test.mock.mockito.ResetMocksTestExecutionListener@126be319]
01:51:58.960 [Test worker] DEBUG org.springframework.test.context.support.AbstractDirtiesContextTestExecutionListener - Before test class: context [DefaultTestContext@4a8b5227 testClass = FocusMediaApplicationTests, testInstance = [null], testMethod = [null], testException = [null], mergedContextConfiguration = [WebMergedContextConfiguration@54f5f647 testClass = FocusMediaApplicationTests, locations = '{}', classes = '{class com.example.demo.FocusMediaApplication}', contextInitializerClasses = '[]', activeProfiles = '{}', propertySourceLocations = '{}', propertySourceProperties = '{org.springframework.boot.test.context.SpringBootTestContextBootstrapper=true}', contextCustomizers = set[org.springframework.boot.test.autoconfigure.properties.PropertyMappingContextCustomizer@0, org.springframework.boot.test.autoconfigure.web.servlet.WebDriverContextCustomizerFactory$Customizer@354fc8f0, org.springframework.boot.test.context.filter.ExcludeFilterContextCustomizer@a4b2d8f, org.springframework.boot.test.json.DuplicateJsonObjectContextCustomizerFactory$DuplicateJsonObjectContextCustomizer@f73dcd6, org.springframework.boot.test.mock.mockito.MockitoContextCustomizer@0, org.springframework.boot.test.web.client.TestRestTemplateContextCustomizer@749c877b, org.springframework.boot.test.context.SpringBootTestArgs@1, org.springframework.boot.test.context.SpringBootTestWebEnvironment@42e25b0b], resourceBasePath = 'src/main/webapp', contextLoader = 'org.springframework.boot.test.context.SpringBootContextLoader', parent = [null]], attributes = map['org.springframework.test.context.web.ServletTestExecutionListener.activateListener' -> true]], class annotated with @DirtiesContext [false] with mode [null].
01:51:58.981 [Test worker] DEBUG org.springframework.test.context.support.TestPropertySourceUtils - Adding inlined properties to environment: {spring.jmx.enabled=false, org.springframework.boot.test.context.SpringBootTestContextBootstrapper=true}

  .   ____          _            __ _ _
 /\\ / ___'_ __ _ _(_)_ __  __ _ \ \ \ \
( ( )\___ | '_ | '_| | '_ \/ _` | \ \ \ \
 \\/  ___)| |_)| | | | | || (_| |  ) ) ) )
  '  |____| .__|_| |_|_| |_\__, | / / / /
 =========|_|==============|___/=/_/_/_/
 :: Spring Boot ::       (v2.3.12.RELEASE)

2022-11-05 01:52:00.639  INFO 20844 --- [    Test worker] b.c.PropertySourceBootstrapConfiguration : Located property source: [BootstrapPropertySource {name='bootstrapProperties-/spring-boot-aws/FM/'}, BootstrapPropertySource {name='bootstrapProperties-/spring-boot-aws/application/'}]
2022-11-05 01:52:00.651  INFO 20844 --- [    Test worker] c.e.demo.FocusMediaApplicationTests      : No active profile set, falling back to default profiles: default
2022-11-05 01:52:01.029  INFO 20844 --- [    Test worker] .s.d.r.c.RepositoryConfigurationDelegate : Bootstrapping Spring Data JPA repositories in DEFAULT mode.
2022-11-05 01:52:01.080  INFO 20844 --- [    Test worker] .s.d.r.c.RepositoryConfigurationDelegate : Finished Spring Data repository scanning in 43ms. Found 1 JPA repository interfaces.
2022-11-05 01:52:01.205  INFO 20844 --- [    Test worker] o.s.cloud.context.scope.GenericScope     : BeanFactory id=bf99df89-aed8-31e6-ae5e-2229a6608a3a
2022-11-05 01:52:01.558  INFO 20844 --- [    Test worker] o.hibernate.jpa.internal.util.LogHelper  : HHH000204: Processing PersistenceUnitInfo [name: default]
2022-11-05 01:52:01.606  INFO 20844 --- [    Test worker] org.hibernate.Version                    : HHH000412: Hibernate ORM core version 5.4.32.Final
2022-11-05 01:52:01.739  INFO 20844 --- [    Test worker] o.hibernate.annotations.common.Version   : HCANN000001: Hibernate Commons Annotations {5.1.2.Final}
2022-11-05 01:52:01.828  INFO 20844 --- [    Test worker] com.zaxxer.hikari.HikariDataSource       : HikariPool-1 - Starting...
2022-11-05 01:52:02.074  INFO 20844 --- [    Test worker] com.zaxxer.hikari.HikariDataSource       : HikariPool-1 - Start completed.
2022-11-05 01:52:02.088  INFO 20844 --- [    Test worker] org.hibernate.dialect.Dialect            : HHH000400: Using dialect: org.hibernate.dialect.MySQL5InnoDBDialect
2022-11-05 01:52:02.559  INFO 20844 --- [    Test worker] o.h.e.t.j.p.i.JtaPlatformInitiator       : HHH000490: Using JtaPlatform implementation: [org.hibernate.engine.transaction.jta.platform.internal.NoJtaPlatform]
2022-11-05 01:52:02.567  INFO 20844 --- [    Test worker] j.LocalContainerEntityManagerFactoryBean : Initialized JPA EntityManagerFactory for persistence unit 'default'
2022-11-05 01:52:03.143  WARN 20844 --- [    Test worker] JpaBaseConfiguration$JpaWebConfiguration : spring.jpa.open-in-view is enabled by default. Therefore, database queries may be performed during view rendering. Explicitly configure spring.jpa.open-in-view to disable this warning
2022-11-05 01:52:03.454  INFO 20844 --- [    Test worker] o.s.s.concurrent.ThreadPoolTaskExecutor  : Initializing ExecutorService 'applicationTaskExecutor'
2022-11-05 01:52:03.892  INFO 20844 --- [    Test worker] c.e.demo.FocusMediaApplicationTests      : Started FocusMediaApplicationTests in 4.904 seconds (JVM running for 5.947)
]]></system-out>
  <system-err><![CDATA[]]></system-err>
</testsuite>
