<?xml version="1.0" encoding="UTF-8"?>
<testsuite name="com.example.demo.FocusMediaApplicationTests" tests="1" skipped="0" failures="0" errors="0" timestamp="2022-11-03T17:50:38" hostname="DESKTOP-VDO5BBC" time="0.134">
  <properties/>
  <testcase name="contextLoads()" classname="com.example.demo.FocusMediaApplicationTests" time="0.134"/>
  <system-out><![CDATA[02:50:32.399 [Test worker] DEBUG org.springframework.test.context.BootstrapUtils - Instantiating CacheAwareContextLoaderDelegate from class [org.springframework.test.context.cache.DefaultCacheAwareContextLoaderDelegate]
02:50:32.409 [Test worker] DEBUG org.springframework.test.context.BootstrapUtils - Instantiating BootstrapContext using constructor [public org.springframework.test.context.support.DefaultBootstrapContext(java.lang.Class,org.springframework.test.context.CacheAwareContextLoaderDelegate)]
02:50:32.438 [Test worker] DEBUG org.springframework.test.context.BootstrapUtils - Instantiating TestContextBootstrapper for test class [com.example.demo.FocusMediaApplicationTests] from class [org.springframework.boot.test.context.SpringBootTestContextBootstrapper]
02:50:32.448 [Test worker] INFO org.springframework.boot.test.context.SpringBootTestContextBootstrapper - Neither @ContextConfiguration nor @ContextHierarchy found for test class [com.example.demo.FocusMediaApplicationTests], using SpringBootContextLoader
02:50:32.451 [Test worker] DEBUG org.springframework.test.context.support.AbstractContextLoader - Did not detect default resource location for test class [com.example.demo.FocusMediaApplicationTests]: class path resource [com/example/demo/FocusMediaApplicationTests-context.xml] does not exist
02:50:32.452 [Test worker] DEBUG org.springframework.test.context.support.AbstractContextLoader - Did not detect default resource location for test class [com.example.demo.FocusMediaApplicationTests]: class path resource [com/example/demo/FocusMediaApplicationTestsContext.groovy] does not exist
02:50:32.453 [Test worker] INFO org.springframework.test.context.support.AbstractContextLoader - Could not detect default resource locations for test class [com.example.demo.FocusMediaApplicationTests]: no resource found for suffixes {-context.xml, Context.groovy}.
02:50:32.453 [Test worker] INFO org.springframework.test.context.support.AnnotationConfigContextLoaderUtils - Could not detect default configuration classes for test class [com.example.demo.FocusMediaApplicationTests]: FocusMediaApplicationTests does not declare any static, non-private, non-final, nested classes annotated with @Configuration.
02:50:32.495 [Test worker] DEBUG org.springframework.test.context.support.ActiveProfilesUtils - Could not find an 'annotation declaring class' for annotation type [org.springframework.test.context.ActiveProfiles] and class [com.example.demo.FocusMediaApplicationTests]
02:50:32.552 [Test worker] DEBUG org.springframework.context.annotation.ClassPathScanningCandidateComponentProvider - Identified candidate component class: file [C:\Users\seosm\OneDrive\Desktop\Java\Focus_Media\build\classes\java\main\com\example\demo\FocusMediaApplication.class]
02:50:32.553 [Test worker] INFO org.springframework.boot.test.context.SpringBootTestContextBootstrapper - Found @SpringBootConfiguration com.example.demo.FocusMediaApplication for test class com.example.demo.FocusMediaApplicationTests
02:50:32.652 [Test worker] DEBUG org.springframework.boot.test.context.SpringBootTestContextBootstrapper - @TestExecutionListeners is not present for class [com.example.demo.FocusMediaApplicationTests]: using defaults.
02:50:32.652 [Test worker] INFO org.springframework.boot.test.context.SpringBootTestContextBootstrapper - Loaded default TestExecutionListener class names from location [META-INF/spring.factories]: [org.springframework.boot.test.autoconfigure.restdocs.RestDocsTestExecutionListener, org.springframework.boot.test.autoconfigure.web.client.MockRestServiceServerResetTestExecutionListener, org.springframework.boot.test.autoconfigure.web.servlet.MockMvcPrintOnlyOnFailureTestExecutionListener, org.springframework.boot.test.autoconfigure.web.servlet.WebDriverTestExecutionListener, org.springframework.boot.test.autoconfigure.webservices.client.MockWebServiceServerTestExecutionListener, org.springframework.boot.test.mock.mockito.MockitoTestExecutionListener, org.springframework.boot.test.mock.mockito.ResetMocksTestExecutionListener, org.springframework.test.context.web.ServletTestExecutionListener, org.springframework.test.context.support.DirtiesContextBeforeModesTestExecutionListener, org.springframework.test.context.event.ApplicationEventsTestExecutionListener, org.springframework.test.context.support.DependencyInjectionTestExecutionListener, org.springframework.test.context.support.DirtiesContextTestExecutionListener, org.springframework.test.context.transaction.TransactionalTestExecutionListener, org.springframework.test.context.jdbc.SqlScriptsTestExecutionListener, org.springframework.test.context.event.EventPublishingTestExecutionListener]
02:50:32.666 [Test worker] INFO org.springframework.boot.test.context.SpringBootTestContextBootstrapper - Using TestExecutionListeners: [org.springframework.test.context.web.ServletTestExecutionListener@62c5bbdc, org.springframework.test.context.support.DirtiesContextBeforeModesTestExecutionListener@7bdf6bb7, org.springframework.test.context.event.ApplicationEventsTestExecutionListener@1bc53649, org.springframework.boot.test.mock.mockito.MockitoTestExecutionListener@88d6f9b, org.springframework.boot.test.autoconfigure.SpringBootDependencyInjectionTestExecutionListener@47d93e0d, org.springframework.test.context.support.DirtiesContextTestExecutionListener@475b7792, org.springframework.test.context.transaction.TransactionalTestExecutionListener@751e664e, org.springframework.test.context.jdbc.SqlScriptsTestExecutionListener@160c3ec1, org.springframework.test.context.event.EventPublishingTestExecutionListener@182b435b, org.springframework.boot.test.autoconfigure.restdocs.RestDocsTestExecutionListener@4d0402b, org.springframework.boot.test.autoconfigure.web.client.MockRestServiceServerResetTestExecutionListener@2fa7ae9, org.springframework.boot.test.autoconfigure.web.servlet.MockMvcPrintOnlyOnFailureTestExecutionListener@7577b641, org.springframework.boot.test.autoconfigure.web.servlet.WebDriverTestExecutionListener@3704122f, org.springframework.boot.test.autoconfigure.webservices.client.MockWebServiceServerTestExecutionListener@3153ddfc, org.springframework.boot.test.mock.mockito.ResetMocksTestExecutionListener@60afd40d]
02:50:32.669 [Test worker] DEBUG org.springframework.test.context.support.AbstractDirtiesContextTestExecutionListener - Before test class: context [DefaultTestContext@3aaf4f07 testClass = FocusMediaApplicationTests, testInstance = [null], testMethod = [null], testException = [null], mergedContextConfiguration = [WebMergedContextConfiguration@5cbf9e9f testClass = FocusMediaApplicationTests, locations = '{}', classes = '{class com.example.demo.FocusMediaApplication}', contextInitializerClasses = '[]', activeProfiles = '{}', propertySourceLocations = '{}', propertySourceProperties = '{org.springframework.boot.test.context.SpringBootTestContextBootstrapper=true}', contextCustomizers = set[org.springframework.boot.test.autoconfigure.actuate.metrics.MetricsExportContextCustomizerFactory$DisableMetricExportContextCustomizer@1698ee84, org.springframework.boot.test.autoconfigure.properties.PropertyMappingContextCustomizer@0, org.springframework.boot.test.autoconfigure.web.servlet.WebDriverContextCustomizerFactory$Customizer@4ee37ca3, org.springframework.boot.test.context.filter.ExcludeFilterContextCustomizer@422c3c7a, org.springframework.boot.test.json.DuplicateJsonObjectContextCustomizerFactory$DuplicateJsonObjectContextCustomizer@75e91545, org.springframework.boot.test.mock.mockito.MockitoContextCustomizer@0, org.springframework.boot.test.web.client.TestRestTemplateContextCustomizer@4fbda97b, org.springframework.boot.test.context.SpringBootTestArgs@1, org.springframework.boot.test.context.SpringBootTestWebEnvironment@31edaa7d], resourceBasePath = 'src/main/webapp', contextLoader = 'org.springframework.boot.test.context.SpringBootContextLoader', parent = [null]], attributes = map['org.springframework.test.context.web.ServletTestExecutionListener.activateListener' -> true]], class annotated with @DirtiesContext [false] with mode [null].

  .   ____          _            __ _ _
 /\\ / ___'_ __ _ _(_)_ __  __ _ \ \ \ \
( ( )\___ | '_ | '_| | '_ \/ _` | \ \ \ \
 \\/  ___)| |_)| | | | | || (_| |  ) ) ) )
  '  |____| .__|_| |_|_| |_\__, | / / / /
 =========|_|==============|___/=/_/_/_/
 :: Spring Boot ::                (v2.7.5)

2022-11-04 02:50:32.981  INFO 30668 --- [    Test worker] c.e.demo.FocusMediaApplicationTests      : Starting FocusMediaApplicationTests using Java 11.0.15 on DESKTOP-VDO5BBC with PID 30668 (started by seosm in C:\Users\seosm\OneDrive\Desktop\Java\Focus_Media)
2022-11-04 02:50:32.983  INFO 30668 --- [    Test worker] c.e.demo.FocusMediaApplicationTests      : No active profile set, falling back to 1 default profile: "default"
2022-11-04 02:50:33.702  INFO 30668 --- [    Test worker] .s.d.r.c.RepositoryConfigurationDelegate : Multiple Spring Data modules found, entering strict repository configuration mode
2022-11-04 02:50:33.703  INFO 30668 --- [    Test worker] .s.d.r.c.RepositoryConfigurationDelegate : Bootstrapping Spring Data JPA repositories in DEFAULT mode.
2022-11-04 02:50:33.843  INFO 30668 --- [    Test worker] .s.d.r.c.RepositoryConfigurationDelegate : Finished Spring Data repository scanning in 131 ms. Found 1 JPA repository interfaces.
2022-11-04 02:50:33.857  INFO 30668 --- [    Test worker] .s.d.r.c.RepositoryConfigurationDelegate : Multiple Spring Data modules found, entering strict repository configuration mode
2022-11-04 02:50:33.859  INFO 30668 --- [    Test worker] .s.d.r.c.RepositoryConfigurationDelegate : Bootstrapping Spring Data Redis repositories in DEFAULT mode.
2022-11-04 02:50:33.872  INFO 30668 --- [    Test worker] .RepositoryConfigurationExtensionSupport : Spring Data Redis - Could not safely identify store assignment for repository candidate interface com.example.demo.repository.MemberRepository; If you want this repository to be a Redis repository, consider annotating your entities with one of these annotations: org.springframework.data.redis.core.RedisHash (preferred), or consider extending one of the following types with your repository: org.springframework.data.keyvalue.repository.KeyValueRepository
2022-11-04 02:50:33.872  INFO 30668 --- [    Test worker] .s.d.r.c.RepositoryConfigurationDelegate : Finished Spring Data repository scanning in 6 ms. Found 0 Redis repository interfaces.
2022-11-04 02:50:34.485  INFO 30668 --- [    Test worker] o.hibernate.jpa.internal.util.LogHelper  : HHH000204: Processing PersistenceUnitInfo [name: default]
2022-11-04 02:50:34.560  INFO 30668 --- [    Test worker] org.hibernate.Version                    : HHH000412: Hibernate ORM core version 5.6.12.Final
2022-11-04 02:50:34.796  INFO 30668 --- [    Test worker] o.hibernate.annotations.common.Version   : HCANN000001: Hibernate Commons Annotations {5.1.2.Final}
2022-11-04 02:50:34.916  INFO 30668 --- [    Test worker] com.zaxxer.hikari.HikariDataSource       : HikariPool-1 - Starting...
2022-11-04 02:50:35.402  INFO 30668 --- [    Test worker] com.zaxxer.hikari.HikariDataSource       : HikariPool-1 - Start completed.
2022-11-04 02:50:35.419  INFO 30668 --- [    Test worker] org.hibernate.dialect.Dialect            : HHH000400: Using dialect: org.hibernate.dialect.MySQL5Dialect
Hibernate: drop table if exists member
Hibernate: create table member (member_id bigint not null auto_increment, agreement tinyint not null, country_code varchar(255) not null, email varchar(255) not null, modified_phone varchar(255) not null, name varchar(255) not null, phone varchar(255) not null, primary key (member_id)) engine=MyISAM
Hibernate: alter table member add constraint UK_mbmcqelty0fbrvxp1q58dn57t unique (email)
2022-11-04 02:50:36.153  INFO 30668 --- [    Test worker] o.h.e.t.j.p.i.JtaPlatformInitiator       : HHH000490: Using JtaPlatform implementation: [org.hibernate.engine.transaction.jta.platform.internal.NoJtaPlatform]
2022-11-04 02:50:36.160  INFO 30668 --- [    Test worker] j.LocalContainerEntityManagerFactoryBean : Initialized JPA EntityManagerFactory for persistence unit 'default'
2022-11-04 02:50:36.834  WARN 30668 --- [    Test worker] JpaBaseConfiguration$JpaWebConfiguration : spring.jpa.open-in-view is enabled by default. Therefore, database queries may be performed during view rendering. Explicitly configure spring.jpa.open-in-view to disable this warning
2022-11-04 02:50:37.996  INFO 30668 --- [    Test worker] c.e.demo.FocusMediaApplicationTests      : Started FocusMediaApplicationTests in 5.296 seconds (JVM running for 6.516)
]]></system-out>
  <system-err><![CDATA[]]></system-err>
</testsuite>
